TN:
SF:/Users/Ankita/Documents/fullCart/client/app/app.js
FN:1,(anonymous_1)
FN:16,(anonymous_2)
FN:19,(anonymous_3)
FN:28,(anonymous_4)
FN:42,(anonymous_5)
FN:44,(anonymous_6)
FN:45,(anonymous_7)
FN:55,config
FNF:8
FNH:4
FNDA:1,(anonymous_1)
FNDA:1,(anonymous_2)
FNDA:0,(anonymous_3)
FNDA:0,(anonymous_4)
FNDA:1,(anonymous_5)
FNDA:0,(anonymous_6)
FNDA:0,(anonymous_7)
FNDA:1,config
DA:1,1
DA:4,1
DA:17,1
DA:20,0
DA:21,0
DA:22,0
DA:24,0
DA:29,0
DA:30,0
DA:32,0
DA:33,0
DA:36,0
DA:44,1
DA:45,0
DA:46,0
DA:47,0
DA:48,0
DA:55,1
DA:57,1
DA:60,1
DA:61,1
DA:64,1
DA:68,1
LF:23
LH:10
BRDA:20,1,0,0
BRDA:20,1,1,0
BRDA:21,2,0,0
BRDA:21,2,1,0
BRDA:29,3,0,0
BRDA:29,3,1,0
BRDA:46,4,0,0
BRDA:46,4,1,0
BRDA:46,5,0,0
BRDA:46,5,1,0
BRF:10
BRH:0
end_of_record
TN:
SF:/Users/Ankita/Documents/fullCart/client/app/account/account.js
FN:4,(anonymous_1)
FNF:1
FNH:1
FNDA:1,(anonymous_1)
DA:3,1
DA:5,1
LF:2
LH:2
BRF:0
BRH:0
end_of_record
TN:
SF:/Users/Ankita/Documents/fullCart/client/app/account/login/login.controller.js
FN:4,(anonymous_1)
FN:8,(anonymous_2)
FN:16,(anonymous_3)
FN:20,(anonymous_4)
FN:26,(anonymous_5)
FNF:5
FNH:0
FNDA:0,(anonymous_1)
FNDA:0,(anonymous_2)
FNDA:0,(anonymous_3)
FNDA:0,(anonymous_4)
FNDA:0,(anonymous_5)
DA:3,1
DA:5,0
DA:6,0
DA:8,0
DA:9,0
DA:11,0
DA:12,0
DA:18,0
DA:21,0
DA:26,0
DA:27,0
LF:11
LH:1
BRDA:11,1,0,0
BRDA:11,1,1,0
BRF:2
BRH:0
end_of_record
TN:
SF:/Users/Ankita/Documents/fullCart/client/app/account/settings/settings.controller.js
FN:4,(anonymous_1)
FN:7,(anonymous_2)
FN:11,(anonymous_3)
FN:14,(anonymous_4)
FNF:4
FNH:0
FNDA:0,(anonymous_1)
FNDA:0,(anonymous_2)
FNDA:0,(anonymous_3)
FNDA:0,(anonymous_4)
DA:3,1
DA:5,0
DA:7,0
DA:8,0
DA:9,0
DA:10,0
DA:12,0
DA:15,0
DA:16,0
DA:17,0
LF:10
LH:1
BRDA:9,1,0,0
BRDA:9,1,1,0
BRF:2
BRH:0
end_of_record
TN:
SF:/Users/Ankita/Documents/fullCart/client/app/account/signup/signup.controller.js
FN:4,(anonymous_1)
FN:8,(anonymous_2)
FN:17,(anonymous_3)
FN:21,(anonymous_4)
FN:26,(anonymous_5)
FN:34,(anonymous_6)
FNF:6
FNH:0
FNDA:0,(anonymous_1)
FNDA:0,(anonymous_2)
FNDA:0,(anonymous_3)
FNDA:0,(anonymous_4)
FNDA:0,(anonymous_5)
FNDA:0,(anonymous_6)
DA:3,1
DA:5,0
DA:6,0
DA:8,0
DA:9,0
DA:11,0
DA:12,0
DA:19,0
DA:22,0
DA:23,0
DA:26,0
DA:27,0
DA:28,0
DA:34,0
DA:35,0
LF:15
LH:1
BRDA:11,1,0,0
BRDA:11,1,1,0
BRF:2
BRH:0
end_of_record
TN:
SF:/Users/Ankita/Documents/fullCart/client/app/admin/admin.controller.js
FN:4,(anonymous_1)
FN:9,(anonymous_2)
FN:11,(anonymous_3)
FNF:3
FNH:0
FNDA:0,(anonymous_1)
FNDA:0,(anonymous_2)
FNDA:0,(anonymous_3)
DA:3,1
DA:7,0
DA:9,0
DA:10,0
DA:11,0
DA:12,0
DA:13,0
LF:7
LH:1
BRDA:12,1,0,0
BRDA:12,1,1,0
BRF:2
BRH:0
end_of_record
TN:
SF:/Users/Ankita/Documents/fullCart/client/app/admin/admin.js
FN:4,(anonymous_1)
FNF:1
FNH:1
FNDA:1,(anonymous_1)
DA:3,1
DA:5,1
LF:2
LH:2
BRF:0
BRH:0
end_of_record
TN:
SF:/Users/Ankita/Documents/fullCart/client/app/main/main.controller.js
FN:1,(anonymous_1)
FN:10,MainController
FN:18,buildToggler
FN:19,(anonymous_4)
FN:22,(anonymous_5)
FN:32,LeftController
FN:35,(anonymous_7)
FN:37,(anonymous_8)
FNF:8
FNH:3
FNDA:1,(anonymous_1)
FNDA:1,MainController
FNDA:1,buildToggler
FNDA:0,(anonymous_4)
FNDA:0,(anonymous_5)
FNDA:0,LeftController
FNDA:0,(anonymous_7)
FNDA:0,(anonymous_8)
DA:1,1
DA:4,1
DA:10,1
DA:11,1
DA:12,1
DA:18,1
DA:19,1
DA:20,0
DA:23,0
DA:27,1
DA:32,1
DA:33,0
DA:35,0
DA:36,0
DA:38,0
LF:15
LH:9
BRF:0
BRH:0
end_of_record
TN:
SF:/Users/Ankita/Documents/fullCart/client/app/main/main.controller.spec.js
FN:31,(anonymous_1)
FN:34,(anonymous_2)
FN:38,(anonymous_3)
FNF:3
FNH:3
FNDA:1,(anonymous_1)
FNDA:1,(anonymous_2)
FNDA:1,(anonymous_3)
DA:31,1
DA:34,1
DA:36,1
DA:38,1
DA:39,1
DA:41,1
LF:6
LH:6
BRF:0
BRH:0
end_of_record
TN:
SF:/Users/Ankita/Documents/fullCart/client/app/main/main.js
FN:4,(anonymous_1)
FNF:1
FNH:1
FNDA:1,(anonymous_1)
DA:3,1
DA:5,1
LF:2
LH:2
BRF:0
BRH:0
end_of_record
TN:
SF:/Users/Ankita/Documents/fullCart/client/components/auth/auth.service.js
FN:4,Auth
FN:19,(anonymous_2)
FN:27,(anonymous_3)
FN:33,(anonymous_4)
FN:47,(anonymous_5)
FN:59,(anonymous_6)
FN:63,(anonymous_7)
FN:68,(anonymous_8)
FN:82,(anonymous_9)
FN:88,(anonymous_10)
FN:90,(anonymous_11)
FN:100,(anonymous_12)
FN:109,(anonymous_13)
FN:116,(anonymous_14)
FN:118,(anonymous_15)
FN:120,(anonymous_16)
FN:135,(anonymous_17)
FN:142,(anonymous_18)
FNF:18
FNH:1
FNDA:1,Auth
FNDA:0,(anonymous_2)
FNDA:0,(anonymous_3)
FNDA:0,(anonymous_4)
FNDA:0,(anonymous_5)
FNDA:0,(anonymous_6)
FNDA:0,(anonymous_7)
FNDA:0,(anonymous_8)
FNDA:0,(anonymous_9)
FNDA:0,(anonymous_10)
FNDA:0,(anonymous_11)
FNDA:0,(anonymous_12)
FNDA:0,(anonymous_13)
FNDA:0,(anonymous_14)
FNDA:0,(anonymous_15)
FNDA:0,(anonymous_16)
FNDA:0,(anonymous_17)
FNDA:0,(anonymous_18)
DA:3,1
DA:5,1
DA:6,1
DA:7,0
DA:10,1
DA:20,0
DA:21,0
DA:23,0
DA:28,0
DA:29,0
DA:30,0
DA:31,0
DA:34,0
DA:35,0
DA:36,0
DA:39,0
DA:48,0
DA:49,0
DA:60,0
DA:62,0
DA:64,0
DA:65,0
DA:66,0
DA:69,0
DA:70,0
DA:83,0
DA:85,0
DA:89,0
DA:91,0
DA:101,0
DA:110,0
DA:117,0
DA:118,0
DA:119,0
DA:121,0
DA:123,0
DA:124,0
DA:126,0
DA:136,0
DA:143,0
LF:40
LH:4
BRDA:6,1,0,0
BRDA:6,1,1,1
BRDA:20,2,0,0
BRDA:20,2,1,0
BRDA:60,3,0,0
BRDA:60,3,1,0
BRDA:83,4,0,0
BRDA:83,4,1,0
BRDA:117,5,0,0
BRDA:117,5,1,0
BRDA:123,6,0,0
BRDA:123,6,1,0
BRF:12
BRH:1
end_of_record
TN:
SF:/Users/Ankita/Documents/fullCart/client/components/auth/user.service.js
FN:4,(anonymous_1)
FNF:1
FNH:1
FNDA:1,(anonymous_1)
DA:3,1
DA:5,1
LF:2
LH:2
BRF:0
BRH:0
end_of_record
TN:
SF:/Users/Ankita/Documents/fullCart/client/components/cpcHeader/cpcHeader.directive.js
FN:1,(anonymous_1)
FN:9,cpcHeader
FN:21,HeaderController
FN:30,buildToggler
FN:31,(anonymous_5)
FN:34,(anonymous_6)
FN:42,(anonymous_7)
FNF:7
FNH:1
FNDA:1,(anonymous_1)
FNDA:0,cpcHeader
FNDA:0,HeaderController
FNDA:0,buildToggler
FNDA:0,(anonymous_5)
FNDA:0,(anonymous_6)
FNDA:0,(anonymous_7)
DA:1,1
DA:4,1
DA:9,1
DA:10,0
DA:18,0
DA:21,1
DA:22,0
DA:23,0
DA:24,0
DA:30,1
DA:31,0
DA:32,0
DA:35,0
DA:39,0
DA:42,0
DA:43,0
LF:16
LH:5
BRF:0
BRH:0
end_of_record
TN:
SF:/Users/Ankita/Documents/fullCart/client/components/cpcSidebar/cpcSidebar.directive.js
FN:1,(anonymous_1)
FN:9,cpcSidebar
FN:21,SidebarController
FN:29,buildToggler
FN:30,(anonymous_5)
FN:33,(anonymous_6)
FN:40,(anonymous_7)
FN:43,(anonymous_8)
FNF:8
FNH:1
FNDA:1,(anonymous_1)
FNDA:0,cpcSidebar
FNDA:0,SidebarController
FNDA:0,buildToggler
FNDA:0,(anonymous_5)
FNDA:0,(anonymous_6)
FNDA:0,(anonymous_7)
FNDA:0,(anonymous_8)
DA:1,1
DA:4,1
DA:9,1
DA:10,0
DA:18,0
DA:21,1
DA:22,0
DA:23,0
DA:29,1
DA:30,0
DA:31,0
DA:34,0
DA:37,0
DA:40,0
DA:41,0
DA:42,0
DA:44,0
LF:17
LH:5
BRF:0
BRH:0
end_of_record
TN:
SF:/Users/Ankita/Documents/fullCart/client/components/mongoose-error/mongoose-error.directive.js
FN:7,(anonymous_1)
FN:11,(anonymous_2)
FN:12,(anonymous_3)
FNF:3
FNH:0
FNDA:0,(anonymous_1)
FNDA:0,(anonymous_2)
FNDA:0,(anonymous_3)
DA:6,1
DA:8,0
DA:12,0
DA:13,0
LF:4
LH:1
BRF:0
BRH:0
end_of_record
TN:
SF:/Users/Ankita/Documents/fullCart/client/components/navbar/navbar.controller.js
FN:4,(anonymous_1)
FN:15,(anonymous_2)
FN:20,(anonymous_3)
FNF:3
FNH:0
FNDA:0,(anonymous_1)
FNDA:0,(anonymous_2)
FNDA:0,(anonymous_3)
DA:3,1
DA:5,0
DA:10,0
DA:11,0
DA:12,0
DA:13,0
DA:15,0
DA:16,0
DA:17,0
DA:20,0
DA:21,0
LF:11
LH:1
BRF:0
BRH:0
end_of_record
TN:
SF:/Users/Ankita/Documents/fullCart/client/components/socket/socket.mock.js
FN:4,(anonymous_1)
FN:7,(anonymous_2)
FN:8,(anonymous_3)
FN:9,(anonymous_4)
FN:10,(anonymous_5)
FN:13,(anonymous_6)
FN:14,(anonymous_7)
FNF:7
FNH:0
FNDA:0,(anonymous_1)
FNDA:0,(anonymous_2)
FNDA:0,(anonymous_3)
FNDA:0,(anonymous_4)
FNDA:0,(anonymous_5)
FNDA:0,(anonymous_6)
FNDA:0,(anonymous_7)
DA:3,1
DA:5,0
LF:2
LH:1
BRF:0
BRH:0
end_of_record
TN:
SF:/Users/Ankita/Documents/fullCart/client/components/socket/socket.service.js
FN:5,(anonymous_1)
FN:31,(anonymous_2)
FN:37,(anonymous_3)
FN:57,(anonymous_4)
FN:69,(anonymous_5)
FNF:5
FNH:0
FNDA:0,(anonymous_1)
FNDA:0,(anonymous_2)
FNDA:0,(anonymous_3)
FNDA:0,(anonymous_4)
FNDA:0,(anonymous_5)
DA:4,1
DA:8,0
DA:14,0
DA:18,0
DA:32,0
DA:37,0
DA:38,0
DA:39,0
DA:40,0
DA:44,0
DA:45,0
DA:46,0
DA:48,0
DA:51,0
DA:57,0
DA:58,0
DA:59,0
DA:60,0
DA:70,0
DA:71,0
LF:20
LH:1
BRDA:32,1,0,0
BRDA:32,1,1,0
BRDA:44,2,0,0
BRDA:44,2,1,0
BRF:4
BRH:0
end_of_record
